{
  "RSpec": {
    "coverage": {
      "/Users/kinsey/Desktop/national_park_api/spec/models/park_spec.rb": [
        1,
        null,
        1,
        2,
        2,
        2,
        2,
        2,
        2,
        2,
        2,
        2,
        2,
        2,
        2,
        2,
        null,
        1,
        1,
        12,
        12,
        null,
        null,
        1,
        1,
        1,
        1,
        null,
        null,
        null,
        1,
        1,
        1,
        1,
        null,
        null,
        null,
        1,
        1,
        1,
        1,
        null,
        null,
        null,
        1,
        1,
        1,
        1,
        null,
        null,
        null,
        1,
        1,
        1,
        1,
        null,
        null,
        null,
        1,
        1,
        1,
        1,
        null,
        null,
        null,
        1,
        1,
        1,
        1,
        null,
        null,
        null,
        1,
        1,
        1,
        1,
        null,
        null,
        null,
        1,
        1,
        1,
        1,
        null,
        null,
        null,
        1,
        1,
        1,
        1,
        null,
        null,
        null,
        1,
        1,
        1,
        1,
        null,
        null,
        null,
        1,
        1,
        1,
        1,
        null,
        null,
        null,
        null,
        null
      ],
      "/Users/kinsey/Desktop/national_park_api/spec/rails_helper.rb": [
        null,
        1,
        1,
        1,
        null,
        1,
        null,
        1,
        null,
        null,
        null,
        null,
        null,
        null,
        null,
        null,
        null,
        null,
        null,
        null,
        null,
        null,
        null,
        null,
        null,
        null,
        null,
        null,
        1,
        null,
        1,
        null,
        1,
        null,
        null,
        null,
        null,
        1,
        null,
        null,
        null,
        null,
        null,
        null,
        null,
        null,
        null,
        null,
        null,
        null,
        null,
        null,
        1,
        null,
        null,
        1,
        null,
        null,
        null,
        null,
        1,
        1,
        1,
        1,
        null,
        null,
        null,
        null,
        null,
        1,
        1
      ],
      "/Users/kinsey/Desktop/national_park_api/config/environment.rb": [
        null,
        1,
        null,
        null,
        1
      ],
      "/Users/kinsey/Desktop/national_park_api/config/application.rb": [
        1,
        null,
        1,
        null,
        1,
        1,
        1,
        1,
        1,
        1,
        1,
        null,
        null,
        null,
        null,
        null,
        1,
        null,
        1,
        1,
        null,
        1,
        null,
        null,
        null,
        null,
        null,
        null,
        null,
        null,
        1,
        null,
        null
      ],
      "/Users/kinsey/Desktop/national_park_api/config/boot.rb": [
        1,
        null,
        1
      ],
      "/Users/kinsey/Desktop/national_park_api/config/environments/test.rb": [
        1,
        null,
        null,
        null,
        null,
        null,
        null,
        1,
        null,
        null,
        null,
        null,
        1,
        null,
        null,
        1,
        1,
        null,
        null,
        null,
        null,
        1,
        1,
        null,
        null,
        1,
        null,
        null,
        1,
        1,
        null,
        null,
        null,
        null,
        1,
        null,
        null,
        1,
        null,
        null,
        null,
        null
      ],
      "/Users/kinsey/Desktop/national_park_api/config/initializers/application_controller_renderer.rb": [
        null,
        null,
        null,
        null,
        null,
        null
      ],
      "/Users/kinsey/Desktop/national_park_api/config/initializers/backtrace_silencers.rb": [
        null,
        null,
        null,
        null,
        null,
        null,
        null
      ],
      "/Users/kinsey/Desktop/national_park_api/config/initializers/cors.rb": [
        null,
        null,
        null,
        null,
        null,
        null,
        null,
        null,
        null,
        null,
        null,
        null,
        null,
        null,
        null,
        null
      ],
      "/Users/kinsey/Desktop/national_park_api/config/initializers/devise.rb": [
        null,
        null,
        1,
        null,
        null,
        null,
        null,
        null,
        null,
        null,
        null,
        null,
        null,
        null,
        1,
        null,
        null,
        null,
        null,
        null,
        null,
        null,
        null,
        null,
        null,
        null,
        1,
        null,
        null,
        null,
        null,
        null,
        null,
        null,
        null,
        null,
        null,
        null,
        null,
        null,
        null,
        null,
        null,
        null,
        null,
        null,
        null,
        null,
        1,
        null,
        null,
        null,
        null,
        1,
        null,
        null,
        null,
        null,
        null,
        null,
        null,
        null,
        null,
        null,
        null,
        null,
        null,
        null,
        null,
        null,
        null,
        null,
        null,
        null,
        null,
        null,
        null,
        null,
        null,
        null,
        null,
        null,
        null,
        null,
        1,
        null,
        null,
        null,
        null,
        null,
        null,
        null,
        null,
        null,
        null,
        null,
        null,
        null,
        null,
        null,
        null,
        null,
        null,
        null,
        null,
        null,
        null,
        1,
        null,
        null,
        null,
        null,
        null,
        null,
        null,
        null,
        null,
        null,
        null,
        null,
        null,
        null,
        null,
        null,
        null,
        null,
        null,
        null,
        null,
        null,
        null,
        null,
        null,
        null,
        null,
        null,
        null,
        null,
        1,
        null,
        null,
        null,
        null,
        null,
        null,
        null,
        null,
        null,
        1,
        null,
        null,
        null,
        null,
        null,
        null,
        null,
        null,
        null,
        null,
        1,
        null,
        null,
        null,
        null,
        1,
        null,
        null,
        null,
        null,
        null,
        null,
        null,
        null,
        null,
        null,
        null,
        null,
        null,
        null,
        null,
        null,
        null,
        null,
        null,
        null,
        null,
        null,
        null,
        null,
        null,
        null,
        null,
        null,
        null,
        null,
        null,
        null,
        null,
        null,
        null,
        null,
        null,
        null,
        null,
        null,
        1,
        null,
        null,
        null,
        null,
        null,
        null,
        null,
        null,
        null,
        null,
        null,
        null,
        null,
        null,
        null,
        null,
        null,
        null,
        null,
        null,
        null,
        null,
        null,
        null,
        null,
        null,
        null,
        null,
        null,
        null,
        null,
        null,
        null,
        null,
        null,
        null,
        null,
        null,
        null,
        null,
        null,
        1,
        null,
        null,
        null,
        null,
        null,
        null,
        null,
        null,
        null,
        null,
        null,
        null,
        null,
        null,
        null,
        null,
        null,
        null,
        null,
        null,
        null,
        null,
        null,
        null,
        null,
        null,
        null,
        null,
        null
      ],
      "/Users/kinsey/Desktop/national_park_api/config/initializers/filter_parameter_logging.rb": [
        null,
        null,
        null,
        1
      ],
      "/Users/kinsey/Desktop/national_park_api/config/initializers/inflections.rb": [
        null,
        null,
        null,
        null,
        null,
        null,
        null,
        null,
        null,
        null,
        null,
        null,
        null,
        null,
        null,
        null
      ],
      "/Users/kinsey/Desktop/national_park_api/config/initializers/jwt.rb": [
        1
      ],
      "/Users/kinsey/Desktop/national_park_api/lib/json_web_token.rb": [
        1,
        1,
        15,
        null,
        null,
        1,
        15,
        null,
        0,
        null,
        null
      ],
      "/Users/kinsey/Desktop/national_park_api/config/initializers/mime_types.rb": [
        null,
        null,
        null,
        null
      ],
      "/Users/kinsey/Desktop/national_park_api/config/initializers/wrap_parameters.rb": [
        null,
        null,
        null,
        null,
        null,
        null,
        1,
        2,
        null,
        null,
        null,
        null,
        null,
        null
      ],
      "/Users/kinsey/Desktop/national_park_api/config/routes.rb": [
        1,
        1,
        1,
        1,
        1,
        1,
        null,
        null,
        1,
        1,
        null,
        null
      ],
      "/Users/kinsey/Desktop/national_park_api/app/models/user.rb": [
        1,
        null,
        null,
        1,
        null,
        null
      ],
      "/Users/kinsey/Desktop/national_park_api/app/models/application_record.rb": [
        1,
        1,
        null
      ],
      "/Users/kinsey/Desktop/national_park_api/app/controllers/application_controller.rb": [
        1,
        1,
        1,
        null,
        1,
        2,
        null,
        null,
        1,
        1,
        null,
        null,
        1,
        null,
        null,
        1,
        1,
        18,
        3,
        3,
        null,
        15,
        null,
        0,
        null,
        null,
        1,
        1,
        18,
        15,
        33,
        null,
        null,
        1,
        45,
        null,
        null,
        1,
        18,
        null,
        null
      ],
      "/Users/kinsey/Desktop/national_park_api/app/controllers/concerns/response.rb": [
        1,
        1,
        32,
        null,
        null
      ],
      "/Users/kinsey/Desktop/national_park_api/app/channels/application_cable/channel.rb": [
        1,
        1,
        null,
        null
      ],
      "/Users/kinsey/Desktop/national_park_api/app/channels/application_cable/connection.rb": [
        1,
        1,
        null,
        null
      ],
      "/Users/kinsey/Desktop/national_park_api/app/controllers/v1/authentication_controller.rb": [
        1,
        1,
        15,
        15,
        15,
        null,
        0,
        null,
        null,
        null,
        1,
        null,
        1,
        15,
        null,
        null,
        null,
        15,
        null,
        null
      ],
      "/Users/kinsey/Desktop/national_park_api/app/controllers/v1/parks_controller.rb": [
        1,
        1,
        null,
        null,
        1,
        16,
        16,
        null,
        null,
        1,
        3,
        1,
        null,
        null,
        1,
        13,
        12,
        null,
        null,
        1,
        1,
        1,
        1,
        null,
        null,
        null,
        null,
        null,
        1,
        1,
        1,
        1,
        null,
        null,
        null,
        null,
        null,
        1,
        null,
        1,
        14,
        null,
        null
      ],
      "/Users/kinsey/Desktop/national_park_api/app/jobs/application_job.rb": [
        1,
        null
      ],
      "/Users/kinsey/Desktop/national_park_api/app/mailers/application_mailer.rb": [
        1,
        1,
        1,
        null
      ],
      "/Users/kinsey/Desktop/national_park_api/app/models/concerns/filterable.rb": [
        1,
        1,
        null,
        1,
        1,
        16,
        16,
        9,
        null,
        16,
        null,
        null,
        null
      ],
      "/Users/kinsey/Desktop/national_park_api/app/models/park.rb": [
        1,
        1,
        1,
        null,
        null,
        1,
        null,
        null,
        2,
        2,
        2,
        2,
        2,
        1,
        2,
        2,
        2,
        1,
        1,
        2,
        null
      ],
      "/Users/kinsey/Desktop/national_park_api/spec/factories.rb": [
        1,
        null,
        1,
        1,
        1,
        1,
        1,
        null,
        null,
        1,
        1,
        1,
        1,
        1,
        1,
        1,
        1,
        1,
        1,
        1,
        1,
        null,
        null
      ],
      "/Users/kinsey/Desktop/national_park_api/spec/requests/destroy_park_spec.rb": [
        1,
        null,
        1,
        1,
        2,
        2,
        2,
        null,
        null,
        null,
        2,
        null,
        null,
        1,
        1,
        1,
        1,
        null,
        null,
        1,
        1,
        1,
        1,
        null,
        null
      ],
      "/Users/kinsey/Desktop/national_park_api/spec/requests/get_parks_spec.rb": [
        1,
        null,
        1,
        5,
        5,
        null,
        1,
        1,
        null,
        null,
        1,
        1,
        null,
        null,
        1,
        1,
        1,
        null,
        null,
        1,
        1,
        1,
        1,
        null,
        null
      ],
      "/Users/kinsey/Desktop/national_park_api/spec/requests/post_park_spec.rb": [
        1,
        null,
        1,
        null,
        1,
        12,
        12,
        null,
        null,
        null,
        null,
        12,
        null,
        12,
        null,
        null,
        null,
        null,
        null,
        null,
        null,
        null,
        null,
        null,
        null,
        null,
        null,
        null,
        null,
        null,
        1,
        1,
        null,
        null,
        1,
        1,
        null,
        null,
        1,
        1,
        null,
        null,
        1,
        1,
        null,
        null,
        1,
        1,
        null,
        null,
        1,
        1,
        null,
        null,
        1,
        1,
        null,
        null,
        1,
        1,
        null,
        null,
        1,
        1,
        null,
        null,
        1,
        1,
        null,
        null,
        1,
        1,
        null,
        null,
        1,
        1,
        null,
        null,
        null,
        null,
        null,
        null,
        null,
        null,
        null,
        null,
        null,
        null,
        null,
        1,
        null,
        null
      ],
      "/Users/kinsey/Desktop/national_park_api/spec/requests/update_park_spec.rb": [
        1,
        null,
        1,
        null,
        1,
        1,
        1,
        null,
        null,
        null,
        1,
        1,
        1,
        null,
        null,
        null,
        null,
        null,
        1,
        1,
        null,
        null,
        null
      ],
      "/Users/kinsey/Desktop/national_park_api/spec/requests/user_non_auth_spec.rb": [
        1,
        null,
        1,
        1,
        3,
        null,
        null,
        1,
        1,
        1,
        null,
        null,
        1,
        1,
        null,
        null,
        1,
        null,
        null,
        1,
        1,
        null,
        null,
        null,
        null,
        null,
        null,
        null,
        null,
        null,
        null,
        null,
        null,
        1,
        null,
        null
      ]
    },
    "timestamp": 1500828767
  }
}
